INFO:     Will watch for changes in these directories: ['/Users/tomasmutina/Documents/Chatbot_skola_1']
INFO:     Uvicorn running on http://127.0.0.1:8000 (Press CTRL+C to quit)
INFO:     Started reloader process [4544] using StatReload
INFO:     Started server process [4595]
INFO:     Waiting for application startup.
INFO:     Application startup complete.
INFO:     127.0.0.1:56296 - "GET /rozvrh/ta HTTP/1.1" 200 OK
INFO:     127.0.0.1:56334 - "GET /rozvrh/ta HTTP/1.1" 200 OK
INFO:     127.0.0.1:56390 - "GET /rozvrh/ta HTTP/1.1" 200 OK
INFO:     127.0.0.1:56517 - "GET /rozvrh/ta HTTP/1.1" 200 OK
WARNING:  StatReload detected changes in 'main.py'. Reloading...
INFO:     Shutting down
INFO:     Waiting for application shutdown.
INFO:     Application shutdown complete.
INFO:     Finished server process [4595]
INFO:     Started server process [10158]
INFO:     Waiting for application startup.
INFO:     Application startup complete.
WARNING:  StatReload detected changes in 'main.py'. Reloading...
INFO:     Shutting down
INFO:     Waiting for application shutdown.
INFO:     Application shutdown complete.
INFO:     Finished server process [10158]
INFO:     Started server process [10888]
INFO:     Waiting for application startup.
INFO:     Application startup complete.
WARNING:  StatReload detected changes in 'app/rozvrh/scraper.py'. Reloading...
INFO:     Shutting down
INFO:     Waiting for application shutdown.
INFO:     Application shutdown complete.
INFO:     Finished server process [10888]
INFO:     Started server process [14266]
INFO:     Waiting for application startup.
INFO:     Application startup complete.
WARNING:  StatReload detected changes in 'app/rozvrh/scraper.py'. Reloading...
INFO:     Shutting down
INFO:     Waiting for application shutdown.
INFO:     Application shutdown complete.
INFO:     Finished server process [14266]
INFO:     Started server process [14293]
INFO:     Waiting for application startup.
INFO:     Application startup complete.
INFO:     Shutting down
INFO:     Waiting for application shutdown.
INFO:     Application shutdown complete.
INFO:     Finished server process [14293]
INFO:     Stopping reloader process [4544]
